[debug] [2024-10-10T04:04:29.291Z] ----------------------------------------------------------------------
[debug] [2024-10-10T04:04:29.293Z] Command:       /usr/local/bin/node /usr/local/bin/firebase init
[debug] [2024-10-10T04:04:29.293Z] CLI Version:   13.22.0
[debug] [2024-10-10T04:04:29.293Z] Platform:      darwin
[debug] [2024-10-10T04:04:29.293Z] Node Version:  v20.10.0
[debug] [2024-10-10T04:04:29.293Z] Time:          Thu Oct 10 2024 09:34:29 GMT+0530 (India Standard Time)
[debug] [2024-10-10T04:04:29.293Z] ----------------------------------------------------------------------
[debug] 
[debug] [2024-10-10T04:04:29.295Z] > command requires scopes: ["email","openid","https://www.googleapis.com/auth/cloudplatformprojects.readonly","https://www.googleapis.com/auth/firebase","https://www.googleapis.com/auth/cloud-platform"]
[debug] [2024-10-10T04:04:29.296Z] > authorizing via signed-in user (prashik777meshram@gmail.com)
[info] 
     ######## #### ########  ######## ########     ###     ######  ########
     ##        ##  ##     ## ##       ##     ##  ##   ##  ##       ##
     ######    ##  ########  ######   ########  #########  ######  ######
     ##        ##  ##    ##  ##       ##     ## ##     ##       ## ##
     ##       #### ##     ## ######## ########  ##     ##  ######  ########

You're about to initialize a Firebase project in this directory:

  /Users/prashikmeshram/Downloads/QuickSell-Frontend-Assignment

[info] 
=== Project Setup
[info] 
[info] First, let's associate this project directory with a Firebase project.
[info] You can create multiple project aliases by running firebase use --add, 
[info] but for now we'll just set up a default project.
[info] 
[debug] [2024-10-10T04:04:39.447Z] Checked if tokens are valid: false, expires at: 1728500746807
[debug] [2024-10-10T04:04:39.448Z] Checked if tokens are valid: false, expires at: 1728500746807
[debug] [2024-10-10T04:04:39.448Z] > refreshing access token with scopes: []
[debug] [2024-10-10T04:04:39.452Z] >>> [apiv2][query] POST https://www.googleapis.com/oauth2/v3/token [none]
[debug] [2024-10-10T04:04:39.452Z] >>> [apiv2][body] POST https://www.googleapis.com/oauth2/v3/token [omitted]
[debug] [2024-10-10T04:04:39.825Z] <<< [apiv2][status] POST https://www.googleapis.com/oauth2/v3/token 200
[debug] [2024-10-10T04:04:39.825Z] <<< [apiv2][body] POST https://www.googleapis.com/oauth2/v3/token [omitted]
[debug] [2024-10-10T04:04:39.838Z] >>> [apiv2][query] GET https://firebase.googleapis.com/v1beta1/projects pageSize=100
[debug] [2024-10-10T04:04:40.629Z] <<< [apiv2][status] GET https://firebase.googleapis.com/v1beta1/projects 200
[debug] [2024-10-10T04:04:40.629Z] <<< [apiv2][body] GET https://firebase.googleapis.com/v1beta1/projects [omitted]
[info] i  Using project kanban-quicksell-6bfd6 (Kanban-QuickSell) 
[info] 
=== Hosting Setup
[debug] [2024-10-10T04:04:48.141Z] Checked if tokens are valid: true, expires at: 1728536678825
[debug] [2024-10-10T04:04:48.141Z] Checked if tokens are valid: true, expires at: 1728536678825
[debug] [2024-10-10T04:04:48.141Z] >>> [apiv2][query] GET https://firebase.googleapis.com/v1beta1/projects/kanban-quicksell-6bfd6 [none]
[debug] [2024-10-10T04:04:49.029Z] <<< [apiv2][status] GET https://firebase.googleapis.com/v1beta1/projects/kanban-quicksell-6bfd6 200
[debug] [2024-10-10T04:04:49.030Z] <<< [apiv2][body] GET https://firebase.googleapis.com/v1beta1/projects/kanban-quicksell-6bfd6 {"projectId":"kanban-quicksell-6bfd6","projectNumber":"722789553190","displayName":"Kanban-QuickSell","name":"projects/kanban-quicksell-6bfd6","resources":{"hostingSite":"kanban-quicksell-6bfd6"},"state":"ACTIVE","etag":"1_6e1f2e62-f19d-4114-ad46-5030b9493866"}
[info] 
[info] Your public directory is the folder (relative to your project directory) that
[info] will contain Hosting assets to be uploaded with firebase deploy. If you
[info] have a build process for your assets, use your build's output directory.
[info] 
[debug] [2024-10-10T04:05:03.066Z] >>> [apiv2][query] GET https://www.gstatic.com/firebasejs/releases.json [none]
[debug] [2024-10-10T04:05:03.357Z] <<< [apiv2][status] GET https://www.gstatic.com/firebasejs/releases.json 200
[debug] [2024-10-10T04:05:03.358Z] <<< [apiv2][body] GET https://www.gstatic.com/firebasejs/releases.json {"current":{"version":"10.14.0","browserURL":"https://www.gstatic.com/firebasejs/10.14.0/firebase.js","packageURL":"https://www.gstatic.com/firebasejs/10.14.0/firebase.tgz"},"live":{"version":"10.14","browserURL":"https://www.gstatic.com/firebasejs/live/10.14/firebase.js","packageURL":"https://www.gstatic.com/firebasejs/live/10.14/firebase.tgz"},"components":{"analytics":"https://www.gstatic.com/firebasejs/10.14.0/firebase-analytics.js","app":"https://www.gstatic.com/firebasejs/10.14.0/firebase-app.js","app-check":"https://www.gstatic.com/firebasejs/10.14.0/firebase-app-check.js","auth":"https://www.gstatic.com/firebasejs/10.14.0/firebase-auth.js","auth/cordova":"https://www.gstatic.com/firebasejs/10.14.0/firebase-auth/cordova.js","auth/web-extension":"https://www.gstatic.com/firebasejs/10.14.0/firebase-auth/web-extension.js","functions":"https://www.gstatic.com/firebasejs/10.14.0/firebase-functions.js","firestore":"https://www.gstatic.com/firebasejs/10.14.0/firebase-firestore.js","firestore/lite":"https://www.gstatic.com/firebasejs/10.14.0/firebase-firestore/lite.js","installations":"https://www.gstatic.com/firebasejs/10.14.0/firebase-installations.js","storage":"https://www.gstatic.com/firebasejs/10.14.0/firebase-storage.js","performance":"https://www.gstatic.com/firebasejs/10.14.0/firebase-performance.js","remote-config":"https://www.gstatic.com/firebasejs/10.14.0/firebase-remote-config.js","messaging":"https://www.gstatic.com/firebasejs/10.14.0/firebase-messaging.js","messaging/sw":"https://www.gstatic.com/firebasejs/10.14.0/firebase-messaging/sw.js","database":"https://www.gstatic.com/firebasejs/10.14.0/firebase-database.js","data-connect":"https://www.gstatic.com/firebasejs/10.14.0/firebase-data-connect.js","vertexai-preview":"https://www.gstatic.com/firebasejs/10.14.0/firebase-vertexai-preview.js","firestore.memory":"https://www.gstatic.com/firebasejs/10.14.0/firebase-firestore.memory.js"}}
[info] ✔  Wrote public/index.html 
[info] 
[info] i  Didn't detect a .git folder. Assuming /Users/prashikmeshram/Downloads/QuickSell-Frontend-Assignment is the project root. 
[info] i  Authorizing with GitHub to upload your service account to a GitHub repository's secrets store. 
[info] 
[info] Visit this URL on this device to log in:
[info] https://github.com/login/oauth/authorize?client_id=89cf50f02ac6aaed3484&state=694333525&redirect_uri=http%3A%2F%2Flocalhost%3A9005&scope=read%3Auser%20repo%20public_repo
[info] 
[info] Waiting for authentication...
[debug] [2024-10-10T04:05:16.354Z] >>> [apiv2][query] POST https://github.com/login/oauth/access_token [none]
[debug] [2024-10-10T04:05:16.356Z] >>> [apiv2][body] POST https://github.com/login/oauth/access_token [stream]
[debug] [2024-10-10T04:05:16.874Z] <<< [apiv2][status] POST https://github.com/login/oauth/access_token 200
[debug] [2024-10-10T04:05:16.874Z] <<< [apiv2][body] POST https://github.com/login/oauth/access_token {"access_token":"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","token_type":"bearer","scope":"read:user,repo"}
[debug] [2024-10-10T04:05:16.879Z] >>> [apiv2][query] GET https://api.github.com/user [none]
[debug] [2024-10-10T04:05:17.543Z] <<< [apiv2][status] GET https://api.github.com/user 200
[debug] [2024-10-10T04:05:17.543Z] <<< [apiv2][body] GET https://api.github.com/user {"login":"prashik-777","id":104124011,"node_id":"U_kgDOBjTOaw","avatar_url":"https://avatars.githubusercontent.com/u/104124011?v=4","gravatar_id":"","url":"https://api.github.com/users/prashik-777","html_url":"https://github.com/prashik-777","followers_url":"https://api.github.com/users/prashik-777/followers","following_url":"https://api.github.com/users/prashik-777/following{/other_user}","gists_url":"https://api.github.com/users/prashik-777/gists{/gist_id}","starred_url":"https://api.github.com/users/prashik-777/starred{/owner}{/repo}","subscriptions_url":"https://api.github.com/users/prashik-777/subscriptions","organizations_url":"https://api.github.com/users/prashik-777/orgs","repos_url":"https://api.github.com/users/prashik-777/repos","events_url":"https://api.github.com/users/prashik-777/events{/privacy}","received_events_url":"https://api.github.com/users/prashik-777/received_events","type":"User","site_admin":false,"name":null,"company":null,"blog":"","location":null,"email":null,"hireable":null,"bio":null,"twitter_username":null,"notification_email":null,"public_repos":11,"public_gists":0,"followers":0,"following":1,"created_at":"2022-04-21T05:57:37Z","updated_at":"2024-10-09T18:12:22Z","private_gists":0,"total_private_repos":0,"owned_private_repos":0,"disk_usage":97624,"collaborators":0,"two_factor_authentication":false,"plan":{"name":"free","space":976562499,"collaborators":0,"private_repos":10000}}
[info] 
[info] ✔  Success! Logged into GitHub as prashik-777 
[info] 
